\BOOKMARK [0][-]{chapter.1}{\332vod}{}% 1
\BOOKMARK [0][-]{chapter.2}{Digit\341lne\040podpisy}{}% 2
\BOOKMARK [1][-]{section.2.1}{\376\377\000\040\000S\000S\000L\000\040\000z\000a\000b\000e\000z\000p\000e\001\015\000e\000n\000i\000e}{chapter.2}% 3
\BOOKMARK [1][-]{section.2.2}{\376\377\000\040\000Z\000a\000b\000e\000z\000p\000e\001\015\000e\000n\000i\000e\000\040\000s\000\372\000k\000r\000o\000m\000n\000\351\000h\000o\000\040\000k\001\076\000\372\001\015\000a\000\040}{chapter.2}% 4
\BOOKMARK [1][-]{section.2.3}{\040Remsig}{chapter.2}% 5
\BOOKMARK [0][-]{chapter.3}{Testy}{}% 6
\BOOKMARK [1][-]{section.3.1}{\376\377\000\040\000T\000r\000a\000d\000i\001\015\000n\000\351\000\040\000t\000e\000s\000t\000o\000v\000a\000n\000i\000e\000\040\000p\000r\000o\000t\000i\000\040\000V\000\375\000v\000o\000j\000o\000m\000\040\000r\000i\000a\000d\000e\000n\000\375\000m\000i\000\040\000t\000e\000s\000t\000a\000m\000i}{chapter.3}% 7
\BOOKMARK [1][-]{section.3.2}{\040Jednotkov\351\040testy}{chapter.3}% 8
\BOOKMARK [1][-]{section.3.3}{\376\377\000\040\000I\000n\000t\000e\000g\000r\000a\001\015\000n\000\351\000\040\000t\000e\000s\000t\000y}{chapter.3}% 9
\BOOKMARK [1][-]{section.3.4}{\040V\375konnostn\351\040testy}{chapter.3}% 10
\BOOKMARK [0][-]{chapter.4}{RemSig\040testy}{}% 11
\BOOKMARK [1][-]{section.4.1}{\040Jednotkov\351\040testy}{chapter.4}% 12
\BOOKMARK [2][-]{subsection.4.1.1}{\040Pou\236it\351\040Technol\363gie}{section.4.1}% 13
\BOOKMARK [2][-]{subsection.4.1.2}{\040\227trukt\372ra\040testov}{section.4.1}% 14
\BOOKMARK [2][-]{subsection.4.1.3}{\040V\375sledky\040testov}{section.4.1}% 15
\BOOKMARK [1][-]{section.4.2}{\040Overenie\040funkcionality}{chapter.4}% 16
\BOOKMARK [2][-]{subsection.4.2.1}{\040Pou\236it\351\040Technol\363gie}{section.4.2}% 17
\BOOKMARK [2][-]{subsection.4.2.2}{\040\227trukt\372ra\040testov}{section.4.2}% 18
\BOOKMARK [1][-]{section.4.3}{\376\377\000\040\000I\000n\000t\000e\000g\000r\000a\001\015\000n\000\351\000\040\000t\000e\000s\000t\000y}{chapter.4}% 19
\BOOKMARK [2][-]{subsection.4.3.1}{\040\227trukt\372ra\040testov}{section.4.3}% 20
\BOOKMARK [2][-]{subsection.4.3.2}{\040V\375sledky\040testov}{section.4.3}% 21
\BOOKMARK [1][-]{section.4.4}{\040V\375konnostn\351\040testy}{chapter.4}% 22
\BOOKMARK [2][-]{subsection.4.4.1}{\040Pou\236it\351\040Technol\363gie}{section.4.4}% 23
\BOOKMARK [2][-]{subsection.4.4.2}{\040\227trukt\372ra\040testov}{section.4.4}% 24
\BOOKMARK [2][-]{subsection.4.4.3}{\040V\375sledky\040testov}{section.4.4}% 25
\BOOKMARK [0][-]{chapter.5}{Z\341ver}{}% 26
\BOOKMARK [0][-]{appendix.A}{Pr\355lohy}{}% 27
